build/outputs/logs/manifest-merger-debug-report.txt
-- Merging decision tree log ---
manifest
ADDED from android-pro/blog/AndroidManifest.xml:2:1-38:12
	package
		ADDED from android-pro/blog/AndroidManifest.xml:3:5-31
	android:versionName
		ADDED from android-pro/blog/AndroidManifest.xml:5:5-30
	android:versionCode
		ADDED from android-pro/blog/AndroidManifest.xml:4:5-28
		INJECTED from android-pro/blog/AndroidManifest.xml
		INJECTED from android-pro/blog/AndroidManifest.xml
	xmlns:android
		ADDED from android-pro/blog/AndroidManifest.xml:2:11-69
uses-sdk
ADDED from android-pro/blog/AndroidManifest.xml:7:5-9:41
	android:targetSdkVersion
		ADDED from android-pro/blog/AndroidManifest.xml:9:9-38
	android:minSdkVersion
		ADDED from android-pro/blog/AndroidManifest.xml:8:9-35
uses-permission#android.permission.INTERNET
ADDED from android-pro/blog/AndroidManifest.xml:11:5-67
	android:name
		ADDED from android-pro/blog/AndroidManifest.xml:11:22-64
uses-permission#android.permission.WRITE_EXTERNAL_STORAGE
ADDED from android-pro/blog/AndroidManifest.xml:12:5-81
	android:name
		ADDED from android-pro/blog/AndroidManifest.xml:12:22-78
application
ADDED from android-pro/blog/AndroidManifest.xml:14:5-36:19
	android:label
		ADDED from android-pro/blog/AndroidManifest.xml:18:9-41
	android:allowBackup
		ADDED from android-pro/blog/AndroidManifest.xml:16:9-35
	android:icon
		ADDED from android-pro/blog/AndroidManifest.xml:17:9-45
	android:theme
		ADDED from android-pro/blog/AndroidManifest.xml:19:9-40
	android:name
		ADDED from android-pro/blog/AndroidManifest.xml:15:9-55
activity#com.example.blog.SplashActivity
ADDED from android-pro/blog/AndroidManifest.xml:20:9-29:20
	android:label
		ADDED from android-pro/blog/AndroidManifest.xml:23:13-45
	android:theme
		ADDED from android-pro/blog/AndroidManifest.xml:22:13-77
	android:name
		ADDED from android-pro/blog/AndroidManifest.xml:21:13-59
intent-filter#android.intent.action.MAIN+android.intent.category.LAUNCHER
ADDED from android-pro/blog/AndroidManifest.xml:24:13-28:29
action#android.intent.action.MAIN
ADDED from android-pro/blog/AndroidManifest.xml:25:17-69
	android:name
		ADDED from android-pro/blog/AndroidManifest.xml:25:25-66
category#android.intent.category.LAUNCHER
ADDED from android-pro/blog/AndroidManifest.xml:27:17-77
	android:name
		ADDED from android-pro/blog/AndroidManifest.xml:27:27-74
activity#com.example.blog.MainActivity
ADDED from android-pro/blog/AndroidManifest.xml:30:9-75
	android:name
		ADDED from android-pro/blog/AndroidManifest.xml:30:19-63
activity#com.example.blog.MainActivity2
ADDED from android-pro/blog/AndroidManifest.xml:31:9-32:20
	android:name
		ADDED from android-pro/blog/AndroidManifest.xml:31:19-64
activity#com.example.blog.TestActivity
ADDED from android-pro/blog/AndroidManifest.xml:33:9-35:20
	android:name
		ADDED from android-pro/blog/AndroidManifest.xml:34:13-57